<?xml version="1.0" encoding="UTF-8"?>
<testsuite xmlns:xsi="http://www.w3.org/2001/XMLSchema-instance" xsi:noNamespaceSchemaLocation="https://maven.apache.org/surefire/maven-surefire-plugin/xsd/surefire-test-report.xsd" name="ru.netology.bonus.BonusServiceTest" time="0.11" tests="1" errors="1" skipped="0" failures="0">
  <properties>
[...]
</properties>
  <testcase name="shouldCalculate{String, long, boolean, long}" classname="ru.netology.bonus.BonusServiceTest" time="0.11">
    <error message="Classpath resource [/data.csv] does not exist" type="org.junit.platform.commons.util.PreconditionViolationException">org.junit.platform.commons.util.PreconditionViolationException: Classpath resource [/data.csv] does not exist
</error>
  </testcase>
</testsuite>